::1 - - [22/Aug/2019:06:31:29 +0000] "GET / HTTP/1.1" 200 25 "-" "PostmanRuntime/7.6.0"
::1 - - [22/Aug/2019:06:40:20 +0000] "GET /api/v1/posts HTTP/1.1" 404 151 "-" "PostmanRuntime/7.6.0"
::1 - - [22/Aug/2019:06:43:00 +0000] "GET /api/v1/posts HTTP/1.1" 404 151 "-" "PostmanRuntime/7.6.0"
::1 - - [22/Aug/2019:06:43:26 +0000] "GET / HTTP/1.1" 200 25 "-" "PostmanRuntime/7.6.0"
::1 - - [22/Aug/2019:06:43:33 +0000] "GET /api/v1/posts HTTP/1.1" 404 151 "-" "PostmanRuntime/7.6.0"
::1 - - [22/Aug/2019:06:44:08 +0000] "GET /api/v1/posts HTTP/1.1" 200 389 "-" "PostmanRuntime/7.6.0"
::1 - - [22/Aug/2019:06:46:19 +0000] "GET /api/v1/posts HTTP/1.1" 200 389 "-" "PostmanRuntime/7.6.0"
::1 - - [22/Aug/2019:06:46:46 +0000] "GET /api/v1/posts HTTP/1.1" 200 389 "-" "PostmanRuntime/7.6.0"
::1 - - [22/Aug/2019:06:47:03 +0000] "GET /api/v1/posts HTTP/1.1" 200 389 "-" "PostmanRuntime/7.6.0"
::1 - - [22/Aug/2019:06:57:53 +0000] "GET /api/v1/posts/1 HTTP/1.1" 200 193 "-" "PostmanRuntime/7.6.0"
::1 - - [22/Aug/2019:06:58:42 +0000] "GET /api/v1/posts/1 HTTP/1.1" 200 193 "-" "PostmanRuntime/7.6.0"
::1 - - [22/Aug/2019:07:09:14 +0000] "GET /api/v1/posts/1 HTTP/1.1" 200 193 "-" "PostmanRuntime/7.6.0"
::1 - - [22/Aug/2019:07:10:10 +0000] "GET /api/v1/posts/3 HTTP/1.1" 404 28 "-" "PostmanRuntime/7.6.0"
::1 - - [22/Aug/2019:07:10:38 +0000] "GET /api/v1/posts/3 HTTP/1.1" 404 28 "-" "PostmanRuntime/7.6.0"
::1 - - [22/Aug/2019:07:10:45 +0000] "GET /api/v1/posts/1 HTTP/1.1" 200 193 "-" "PostmanRuntime/7.6.0"
::1 - - [22/Aug/2019:07:12:10 +0000] "GET /api/v1/posts/2 HTTP/1.1" 200 193 "-" "PostmanRuntime/7.6.0"
::1 - - [22/Aug/2019:07:12:38 +0000] "GET /api/v1/posts/2 HTTP/1.1" 200 193 "-" "PostmanRuntime/7.6.0"
::1 - - [22/Aug/2019:07:15:04 +0000] "GET /api/v1/posts/a HTTP/1.1" 404 28 "-" "PostmanRuntime/7.6.0"
::1 - - [22/Aug/2019:07:20:26 +0000] "GET /api/v1/posts/a HTTP/1.1" 400 35 "-" "PostmanRuntime/7.6.0"
::1 - - [22/Aug/2019:07:20:28 +0000] "GET /api/v1/posts/1 HTTP/1.1" 200 193 "-" "PostmanRuntime/7.6.0"
::1 - - [22/Aug/2019:08:18:13 +0000] "GET /api/v1/posts/1 HTTP/1.1" 200 193 "-" "PostmanRuntime/7.6.0"
::1 - - [22/Aug/2019:08:18:18 +0000] "GET /api/v1/posts/a HTTP/1.1" 400 35 "-" "PostmanRuntime/7.6.0"
::1 - - [22/Aug/2019:08:18:21 +0000] "GET /api/v1/posts/1 HTTP/1.1" 200 193 "-" "PostmanRuntime/7.6.0"
::1 - - [22/Aug/2019:08:28:24 +0000] "POST /api/v1/posts HTTP/1.1" 500 37 "-" "PostmanRuntime/7.6.0"
::1 - - [22/Aug/2019:08:29:16 +0000] "POST /api/v1/posts HTTP/1.1" 500 31 "-" "PostmanRuntime/7.6.0"
::1 - - [22/Aug/2019:08:30:04 +0000] "POST /api/v1/posts HTTP/1.1" 201 275 "-" "PostmanRuntime/7.6.0"
::1 - - [22/Aug/2019:08:30:14 +0000] "GET /api/v1/posts HTTP/1.1" 200 612 "-" "PostmanRuntime/7.6.0"
::1 - - [22/Aug/2019:08:37:55 +0000] "POST /api/v1/posts HTTP/1.1" 400 33 "-" "PostmanRuntime/7.6.0"
